0 info it worked if it ends with ok
1 verbose cli [ '/usr/local/bin/node',
1 verbose cli   '/usr/local/bin/npm',
1 verbose cli   'install',
1 verbose cli   '-g',
1 verbose cli   'node-inspector' ]
2 info using npm@2.14.4
3 info using node@v4.1.1
4 verbose install initial load of /usr/local/lib/package.json
5 verbose readDependencies loading dependencies from /usr/local/lib/package.json
6 silly cache add args [ 'node-inspector', null ]
7 verbose cache add spec node-inspector
8 silly cache add parsed spec Result {
8 silly cache add   raw: 'node-inspector',
8 silly cache add   scope: null,
8 silly cache add   name: 'node-inspector',
8 silly cache add   rawSpec: '',
8 silly cache add   spec: '*',
8 silly cache add   type: 'range' }
9 silly addNamed node-inspector@*
10 verbose addNamed "*" is a valid semver range for node-inspector
11 silly addNameRange { name: 'node-inspector', range: '*', hasData: false }
12 silly mapToRegistry name node-inspector
13 silly mapToRegistry using default registry
14 silly mapToRegistry registry https://registry.npmjs.org/
15 silly mapToRegistry uri https://registry.npmjs.org/node-inspector
16 verbose addNameRange registry:https://registry.npmjs.org/node-inspector not in flight; fetching
17 verbose request uri https://registry.npmjs.org/node-inspector
18 verbose request no auth needed
19 info attempt registry request try #1 at 9:13:49 AM
20 verbose request id b5055635dd367695
21 verbose etag "678Y5QH9GWINZ53YN60VC3T9T"
22 http request GET https://registry.npmjs.org/node-inspector
23 http 304 https://registry.npmjs.org/node-inspector
24 silly get cb [ 304,
24 silly get   { date: 'Fri, 02 Oct 2015 13:13:50 GMT',
24 silly get     via: '1.1 varnish',
24 silly get     'cache-control': 'max-age=60',
24 silly get     etag: '"678Y5QH9GWINZ53YN60VC3T9T"',
24 silly get     age: '39',
24 silly get     connection: 'keep-alive',
24 silly get     'x-served-by': 'cache-jfk1035-JFK',
24 silly get     'x-cache': 'HIT',
24 silly get     'x-cache-hits': '1',
24 silly get     'x-timer': 'S1443791630.320686,VS0,VE1',
24 silly get     vary: 'Accept' } ]
25 verbose etag https://registry.npmjs.org/node-inspector from cache
26 verbose get saving node-inspector to /Users/Ryan/.npm/registry.npmjs.org/node-inspector/.cache.json
27 silly addNameRange number 2 { name: 'node-inspector', range: '*', hasData: true }
28 silly addNameRange versions [ 'node-inspector',
28 silly addNameRange   [ '0.0.1',
28 silly addNameRange     '0.0.2',
28 silly addNameRange     '0.0.3',
28 silly addNameRange     '0.0.4',
28 silly addNameRange     '0.1.0',
28 silly addNameRange     '0.1.1',
28 silly addNameRange     '0.1.2',
28 silly addNameRange     '0.1.3',
28 silly addNameRange     '0.1.4',
28 silly addNameRange     '0.1.5',
28 silly addNameRange     '0.1.6',
28 silly addNameRange     '0.1.7',
28 silly addNameRange     '0.1.8',
28 silly addNameRange     '0.1.9',
28 silly addNameRange     '0.1.10',
28 silly addNameRange     '0.3.0',
28 silly addNameRange     '0.3.1',
28 silly addNameRange     '0.3.2',
28 silly addNameRange     '0.3.3',
28 silly addNameRange     '0.3.4',
28 silly addNameRange     '0.4.0',
28 silly addNameRange     '0.5.0',
28 silly addNameRange     '0.6.0',
28 silly addNameRange     '0.6.1',
28 silly addNameRange     '0.6.2',
28 silly addNameRange     '0.7.0-1',
28 silly addNameRange     '0.2.0-beta1',
28 silly addNameRange     '0.2.0-beta2',
28 silly addNameRange     '0.2.0-beta3',
28 silly addNameRange     '0.2.0-beta4',
28 silly addNameRange     '0.3.0-preview1',
28 silly addNameRange     '0.7.0-2',
28 silly addNameRange     '0.7.0',
28 silly addNameRange     '0.7.1',
28 silly addNameRange     '0.7.2',
28 silly addNameRange     '0.7.3',
28 silly addNameRange     '0.7.4',
28 silly addNameRange     '0.8.0',
28 silly addNameRange     '0.8.1',
28 silly addNameRange     '0.8.3',
28 silly addNameRange     '0.9.0',
28 silly addNameRange     '0.9.1',
28 silly addNameRange     '0.9.2',
28 silly addNameRange     '0.10.0',
28 silly addNameRange     '0.10.1',
28 silly addNameRange     '0.10.2',
28 silly addNameRange     '0.11.0',
28 silly addNameRange     '0.11.1',
28 silly addNameRange     '0.11.2',
28 silly addNameRange     '0.12.0',
28 silly addNameRange     '0.12.1',
28 silly addNameRange     '0.12.2',
28 silly addNameRange     '0.12.3' ] ]
29 silly addNamed node-inspector@0.12.3
30 verbose addNamed "0.12.3" is a plain semver version for node-inspector
31 silly cache afterAdd node-inspector@0.12.3
32 verbose afterAdd /Users/Ryan/.npm/node-inspector/0.12.3/package/package.json not in flight; writing
33 verbose afterAdd /Users/Ryan/.npm/node-inspector/0.12.3/package/package.json written
34 silly install resolved [ { name: 'node-inspector',
34 silly install resolved     version: '0.12.3',
34 silly install resolved     description: 'Web Inspector based nodeJS debugger',
34 silly install resolved     homepage: 'http://github.com/node-inspector/node-inspector',
34 silly install resolved     author: { name: 'Danny Coates', email: 'dannycoates@gmail.com' },
34 silly install resolved     keywords: [ 'debug', 'debugger', 'inspector', 'profiler' ],
34 silly install resolved     repository:
34 silly install resolved      { type: 'git',
34 silly install resolved        url: 'git+ssh://git@github.com/node-inspector/node-inspector.git' },
34 silly install resolved     engines: { node: '>=0.8.0' },
34 silly install resolved     bin:
34 silly install resolved      { 'node-inspector': './bin/inspector.js',
34 silly install resolved        'node-debug': './bin/node-debug.js' },
34 silly install resolved     dependencies:
34 silly install resolved      { async: '~0.9',
34 silly install resolved        'biased-opener': '~0.2.2',
34 silly install resolved        debug: '^2.2.0',
34 silly install resolved        express: '^4.12.3',
34 silly install resolved        glob: '^5.0.5',
34 silly install resolved        'path-is-absolute': '^1.0.0',
34 silly install resolved        rc: '^1.0.1',
34 silly install resolved        semver: '^4.3.4',
34 silly install resolved        'serve-favicon': '^2.1.1',
34 silly install resolved        'strong-data-uri': '^1.0.0',
34 silly install resolved        'v8-debug': '~0.5.0',
34 silly install resolved        'v8-profiler': '~5.3.0',
34 silly install resolved        which: '^1.1.1',
34 silly install resolved        ws: '^0.8.0',
34 silly install resolved        yargs: '^3.9.0' },
34 silly install resolved     devDependencies:
34 silly install resolved      { promise: '^7.0.3',
34 silly install resolved        mocha: '^1.21',
34 silly install resolved        chai: '^2.1',
34 silly install resolved        jshint: '^2.4.4',
34 silly install resolved        'fs-extra': '~0.8.1' },
34 silly install resolved     preferGlobal: true,
34 silly install resolved     scripts:
34 silly install resolved      { pretest: 'jshint .',
34 silly install resolved        test: 'mocha',
34 silly install resolved        'generate-front-end': 'node --harmony tools/generate-front-end' },
34 silly install resolved     contributors:
34 silly install resolved      [ [Object],
34 silly install resolved        [Object],
34 silly install resolved        [Object],
34 silly install resolved        [Object],
34 silly install resolved        [Object],
34 silly install resolved        [Object],
34 silly install resolved        [Object],
34 silly install resolved        [Object],
34 silly install resolved        [Object],
34 silly install resolved        [Object],
34 silly install resolved        [Object],
34 silly install resolved        [Object],
34 silly install resolved        [Object],
34 silly install resolved        [Object],
34 silly install resolved        [Object],
34 silly install resolved        [Object],
34 silly install resolved        [Object],
34 silly install resolved        [Object],
34 silly install resolved        [Object],
34 silly install resolved        [Object],
34 silly install resolved        [Object],
34 silly install resolved        [Object],
34 silly install resolved        [Object],
34 silly install resolved        [Object],
34 silly install resolved        [Object],
34 silly install resolved        [Object],
34 silly install resolved        [Object],
34 silly install resolved        [Object],
34 silly install resolved        [Object],
34 silly install resolved        [Object],
34 silly install resolved        [Object] ],
34 silly install resolved     gitHead: '047a1fd57fa1a165c184d77b2b3c64126ff8cb94',
34 silly install resolved     bugs: { url: 'https://github.com/node-inspector/node-inspector/issues' },
34 silly install resolved     _id: 'node-inspector@0.12.3',
34 silly install resolved     _shasum: '238d0c9f4e6ca720e21b9a547aacbfde665beace',
34 silly install resolved     _from: 'node-inspector@*',
34 silly install resolved     _npmVersion: '1.4.28',
34 silly install resolved     _npmUser: { name: '3y3', email: '3y3@bk.ru' },
34 silly install resolved     maintainers: [ [Object], [Object], [Object], [Object], [Object] ],
34 silly install resolved     dist:
34 silly install resolved      { shasum: '238d0c9f4e6ca720e21b9a547aacbfde665beace',
34 silly install resolved        tarball: 'http://registry.npmjs.org/node-inspector/-/node-inspector-0.12.3.tgz' },
34 silly install resolved     directories: {},
34 silly install resolved     _resolved: 'https://registry.npmjs.org/node-inspector/-/node-inspector-0.12.3.tgz',
34 silly install resolved     readme: 'ERROR: No README data found!' } ]
35 info install node-inspector@0.12.3 into /usr/local/lib
36 info installOne node-inspector@0.12.3
37 verbose installOne of node-inspector to /usr/local/lib not in flight; installing
38 verbose lock using /Users/Ryan/.npm/_locks/node-inspector-885d0a05b8e6718d.lock for /usr/local/lib/node_modules/node-inspector
39 silly install write writing node-inspector 0.12.3 to /usr/local/lib/node_modules/node-inspector
40 verbose unbuild lib/node_modules/node-inspector
41 silly gentlyRm /usr/local/lib/node_modules/node-inspector is being purged from base /usr/local
42 verbose gentlyRm don't care about contents; nuking /usr/local/lib/node_modules/node-inspector
43 verbose tar unpack /Users/Ryan/.npm/node-inspector/0.12.3/package.tgz
44 verbose tar unpacking to /usr/local/lib/node_modules/node-inspector
45 silly gentlyRm /usr/local/lib/node_modules/node-inspector is being purged
46 verbose gentlyRm don't care about contents; nuking /usr/local/lib/node_modules/node-inspector
47 silly gunzTarPerm modes [ '755', '644' ]
48 error tar.unpack untar error /Users/Ryan/.npm/node-inspector/0.12.3/package.tgz
49 verbose unlock done using /Users/Ryan/.npm/_locks/node-inspector-885d0a05b8e6718d.lock for /usr/local/lib/node_modules/node-inspector
50 verbose fstream_path /usr/local/lib/node_modules/node-inspector
51 verbose fstream_type Directory
52 verbose fstream_class DirWriter
53 verbose stack Error: EACCES: permission denied, mkdir '/usr/local/lib/node_modules/node-inspector'
53 verbose stack     at Error (native)
54 verbose fstream_stack /usr/local/lib/node_modules/npm/node_modules/fstream/lib/dir-writer.js:35:25
54 verbose fstream_stack /usr/local/lib/node_modules/npm/node_modules/mkdirp/index.js:47:53
54 verbose fstream_stack FSReqWrap.oncomplete (fs.js:82:15)
55 verbose cwd /Users/Ryan/Desktop/ChatNodejs
56 error Darwin 13.4.0
57 error argv "/usr/local/bin/node" "/usr/local/bin/npm" "install" "-g" "node-inspector"
58 error node v4.1.1
59 error npm  v2.14.4
60 error path /usr/local/lib/node_modules/node-inspector
61 error code EACCES
62 error errno -13
63 error syscall mkdir
64 error Error: EACCES: permission denied, mkdir '/usr/local/lib/node_modules/node-inspector'
64 error     at Error (native)
64 error  { [Error: EACCES: permission denied, mkdir '/usr/local/lib/node_modules/node-inspector']
64 error   errno: -13,
64 error   code: 'EACCES',
64 error   syscall: 'mkdir',
64 error   path: '/usr/local/lib/node_modules/node-inspector',
64 error   fstream_type: 'Directory',
64 error   fstream_path: '/usr/local/lib/node_modules/node-inspector',
64 error   fstream_class: 'DirWriter',
64 error   fstream_stack:
64 error    [ '/usr/local/lib/node_modules/npm/node_modules/fstream/lib/dir-writer.js:35:25',
64 error      '/usr/local/lib/node_modules/npm/node_modules/mkdirp/index.js:47:53',
64 error      'FSReqWrap.oncomplete (fs.js:82:15)' ] }
65 error Please try running this command again as root/Administrator.
66 verbose exit [ -13, true ]
67 verbose unbuild lib/node_modules/node-inspector
68 silly gentlyRm /usr/local/lib/node_modules/node-inspector is being purged from base /usr/local
69 verbose gentlyRm don't care about contents; nuking /usr/local/lib/node_modules/node-inspector
